                        .module main.c
                        .area text(rom, con, rel)
 0000                   .dbfile ./main.c
 0000                   .dbfile C:\Users\ADMINI~1\WEATHE~1\WEATHE~1\main.c
 0000                   .dbfunc e main _main fV
 0000           ;       humidity -> X+44
 0000           ;    temperature -> X+34
 0000           ;  lcdSecondLine -> X+18
 0000           ;   lcdFirstLine -> X+2
 0000           ;    displaymode -> X+0
 0000           _main::
 0000                   .dbline -1
 0000 10                push X
 0001 4F                mov X,SP
 0002 3836              add SP,54
 0004                   .dbline 34
 0004           ; //----------------------------------------------------------------------------
 0004           ; // Ports:
 0004           ; // P0_0 = MCLK
 0004           ; // P0_1 = XCLR adc reset
 0004           ; // P0_2 = Button SW
 0004           ; // P0_3 = windspeed input
 0004           ; // P0_4 = rainsensor input
 0004           ; // P0_5 = sunlight (solar) input
 0004           ; // P0_6 = I2C SDA
 0004           ; // P0_7 = I2C SCL
 0004           ; // P1_0 = Gray Code
 0004           ; // P1_1 = Gray Code
 0004           ; // P1_1 = Gray Code
 0004           ; // P2   = LCD
 0004           ; //----------------------------------------------------------------------------
 0004           ; 
 0004           ; #define LCD_LENGTH 16         // 16 plus \0 termination?
 0004           ; 
 0004           ; #include <m8c.h>        // part specific constants and macros
 0004           ; #include "PSoCAPI.h"    // PSoC API definitions for all User Modules
 0004           ; #include <stdio.h>
 0004           ; #include <HYT271.h>           //include C-Code from the humidity and temperature Sensor
 0004           ; /*
 0004           ; typedef enum {
 0004           ;       overview = 0,
 0004           ;       temp = 1,
 0004           ;       humidity = 2,
 0004           ;       rain = 3,
 0004           ;       wind = 4,
 0004           ; } MODE;
 0004           ; */
 0004           ; 
 0004           ; void main(void)
 0004           ; {
 0004                   .dbline 38
 0004           ; 
 0004           ;       //Variables
 0004           ;       char lcdFirstLine[LCD_LENGTH], lcdSecondLine[LCD_LENGTH];
 0004           ;       int displaymode = 1;
 0004 560101            mov [X+1],1
 0007 560000            mov [X+0],0
 000A                   .dbline 47
 000A           ;       int temperature[5];
 000A           ;       int humidity[5];
 000A           ;       
 000A           ;       
 000A           ;       
 000A           ;       /** init **/
 000A           ;       
 000A           ;       // interrupt and SleepTimer init
 000A           ;       M8C_EnableGInt ;                            // Turn on interrupts
 000A 7101                      or  F, 01h
 000C           
 000C                   .dbline 48
 000C           ;       SleepTimer_Start();
 000C 10                push X
 000D 7C0000            xcall _SleepTimer_Start
 0010                   .dbline 49
 0010           ;     SleepTimer_SetInterval(SleepTimer_8_HZ);    // Set interrupt to a
 0010 5010              mov A,16
 0012 7C0000            xcall _SleepTimer_SetInterval
 0015                   .dbline 50
 0015           ;     SleepTimer_EnableInt();                     // 8 Hz rate
 0015 7C0000            xcall _SleepTimer_EnableInt
 0018                   .dbline 53
 0018           ; 
 0018           ;       // LCD init
 0018           ;       LCD_Init();
 0018 7C0000            xcall _LCD_Init
 001B 20                pop X
 001C                   .dbline 56
 001C           ;       
 001C           ;       // print welcome screen to LCD
 001C           ;       csprintf(lcdFirstLine,"   Welcome to   ");
 001C 5033              mov A,>L2
 001E 08                push A
 001F 5033              mov A,<L2
 0021 08                push A
 0022 5A00              mov [__r1],X
 0024 060002            add [__r1],2
 0027 5100              mov A,[__r0]
 0029 08                push A
 002A 5100              mov A,[__r1]
 002C 08                push A
 002D 7C0000            xcall _csprintf
 0030                   .dbline 57
 0030           ;       csprintf(lcdSecondLine, " Weatherstation ");
 0030 5022              mov A,>L3
 0032 08                push A
 0033 5022              mov A,<L3
 0035 08                push A
 0036 5A00              mov [__r1],X
 0038 060012            add [__r1],18
 003B 5100              mov A,[__r0]
 003D 08                push A
 003E 5100              mov A,[__r1]
 0040 08                push A
 0041 7C0000            xcall _csprintf
 0044 38F8              add SP,-8
 0046                   .dbline 58
 0046           ;       LCD_Position(0,0);
 0046 10                push X
 0047 5000              mov A,0
 0049 5700              mov X,0
 004B 7C0000            xcall _LCD_Position
 004E 20                pop X
 004F                   .dbline 59
 004F           ;       LCD_PrString(lcdFirstLine);
 004F 5A00              mov [__r1],X
 0051 060002            add [__r1],2
 0054 10                push X
 0055 5100              mov A,[__r0]
 0057 08                push A
 0058 5100              mov A,[__r1]
 005A 5C                mov X,A
 005B 18                pop A
 005C 7C0000            xcall _LCD_PrString
 005F                   .dbline 60
 005F           ;       LCD_Position(1,0);
 005F 5700              mov X,0
 0061 5001              mov A,1
 0063 7C0000            xcall _LCD_Position
 0066 20                pop X
 0067                   .dbline 61
 0067           ;       LCD_PrString(lcdSecondLine);
 0067 5A00              mov [__r1],X
 0069 060012            add [__r1],18
 006C 10                push X
 006D 5100              mov A,[__r0]
 006F 08                push A
 0070 5100              mov A,[__r1]
 0072 5C                mov X,A
 0073 18                pop A
 0074 7C0000            xcall _LCD_PrString
 0077 20                pop X
 0078 8115              xjmp L5
 007A           L4:
 007A                   .dbline 64
 007A           ; 
 007A           ; 
 007A           ;       while(1) {
 007A                   .dbline 66
 007A           ;       
 007A           ;               I2Cm_Start();                                           //Initialize I2C
 007A 10                push X
 007B 7C0000            xcall _I2Cm_Start
 007E                   .dbline 67
 007E           ;               I2Cm_fSendStart( 0x28, 0);                      //Send Measuring Request        
 007E 5700              mov X,0
 0080 5028              mov A,40
 0082 7C0000            xcall _I2Cm_fSendStart
 0085 20                pop X
 0086 5300              mov [__r0],A
 0088                   .dbline 68
 0088           ;               measuring(temperature, humidity);       //measuring temperature and humidity
 0088 5A00              mov [__r1],X
 008A 06002C            add [__r1],44
 008D 08                push A
 008E 5100              mov A,[__r1]
 0090 08                push A
 0091 5A00              mov [__r1],X
 0093 060022            add [__r1],34
 0096 5100              mov A,[__r0]
 0098 08                push A
 0099 5100              mov A,[__r1]
 009B 08                push A
 009C 7C0000            xcall _measuring
 009F 38FC              add SP,-4
 00A1                   .dbline 71
 00A1           ;       
 00A1           ;               
 00A1           ;               switch(displaymode) {
 00A1 3D0000            cmp [X+0],0
 00A4 B006              jnz X1
 00A6 3D0100            cmp [X+1],0
 00A9 A0AB              jz L8
 00AB           X1:
 00AB 3D0000            cmp [X+0],0
 00AE B006              jnz X2
 00B0 3D0101            cmp [X+1],1
 00B3 A021              jz L10
 00B5           X2:
 00B5 3D0000            cmp [X+0],0
 00B8 B006              jnz X3
 00BA 3D0102            cmp [X+1],2
 00BD A03F              jz L11
 00BF           X3:
 00BF 3D0000            cmp [X+0],0
 00C2 B006              jnz X4
 00C4 3D0103            cmp [X+1],3
 00C7 A08D              jz L8
 00C9           X4:
 00C9 3D0000            cmp [X+0],0
 00CC B006              jnz X5
 00CE 3D0104            cmp [X+1],4
 00D1 A083              jz L8
 00D3           X5:
 00D3 8051              xjmp L7
 00D5           L10:
 00D5                   .dbline 77
 00D5           ;                       case 0:
 00D5           ;                               // overview();
 00D5           ;                               break;
 00D5           ;                               
 00D5           ;                       case 1:
 00D5           ;                               printtemp(lcdFirstLine, lcdSecondLine, temperature); //write temp in the variable for the lcd
 00D5 5A00              mov [__r1],X
 00D7 060022            add [__r1],34
 00DA 5100              mov A,[__r0]
 00DC 08                push A
 00DD 5100              mov A,[__r1]
 00DF 08                push A
 00E0 5A00              mov [__r1],X
 00E2 060012            add [__r1],18
 00E5 5100              mov A,[__r0]
 00E7 08                push A
 00E8 5100              mov A,[__r1]
 00EA 08                push A
 00EB 5A00              mov [__r1],X
 00ED 060002            add [__r1],2
 00F0 5100              mov A,[__r0]
 00F2 08                push A
 00F3 5100              mov A,[__r1]
 00F5 08                push A
 00F6 7C0000            xcall _printtemp
 00F9 38FA              add SP,-6
 00FB                   .dbline 78
 00FB           ;                               break;
 00FB 8059              xjmp L8
 00FD           L11:
 00FD                   .dbline 81
 00FD           ;                               
 00FD           ;                       case 2:
 00FD           ;                               printhum(lcdFirstLine, lcdSecondLine, humidity); //wirte humidity in the variable for the lcd
 00FD 5A00              mov [__r1],X
 00FF 06002C            add [__r1],44
 0102 5100              mov A,[__r0]
 0104 08                push A
 0105 5100              mov A,[__r1]
 0107 08                push A
 0108 5A00              mov [__r1],X
 010A 060012            add [__r1],18
 010D 5100              mov A,[__r0]
 010F 08                push A
 0110 5100              mov A,[__r1]
 0112 08                push A
 0113 5A00              mov [__r1],X
 0115 060002            add [__r1],2
 0118 5100              mov A,[__r0]
 011A 08                push A
 011B 5100              mov A,[__r1]
 011D 08                push A
 011E 7C0000            xcall _printhum
 0121 38FA              add SP,-6
 0123                   .dbline 82
 0123           ;                               break;
 0123 8031              xjmp L8
 0125           L7:
 0125                   .dbline 93
 0125           ;                               
 0125           ;                       case 3:
 0125           ;                               // rain();
 0125           ;                               break;
 0125           ;                               
 0125           ;                       case 4:
 0125           ;                               // wind();
 0125           ;                               break;
 0125           ;               
 0125           ;                       default:
 0125           ;                               displaymode = 0;
 0125 560100            mov [X+1],0
 0128 560000            mov [X+0],0
 012B                   .dbline 94
 012B           ;                               csprintf(lcdFirstLine,"     Error      ");
 012B 5011              mov A,>L14
 012D 08                push A
 012E 5011              mov A,<L14
 0130 08                push A
 0131 5A00              mov [__r1],X
 0133 060002            add [__r1],2
 0136 5100              mov A,[__r0]
 0138 08                push A
 0139 5100              mov A,[__r1]
 013B 08                push A
 013C 7C0000            xcall _csprintf
 013F                   .dbline 95
 013F           ;                               csprintf(lcdSecondLine,"                ");
 013F 5000              mov A,>L15
 0141 08                push A
 0142 5000              mov A,<L15
 0144 08                push A
 0145 5A00              mov [__r1],X
 0147 060012            add [__r1],18
 014A 5100              mov A,[__r0]
 014C 08                push A
 014D 5100              mov A,[__r1]
 014F 08                push A
 0150 7C0000            xcall _csprintf
 0153 38F8              add SP,-8
 0155                   .dbline 96
 0155           ;               }
 0155           L8:
 0155                   .dbline 99
 0155           ;               
 0155           ;               // lets see what we've got
 0155           ;               LCD_Position(0,0);
 0155 10                push X
 0156 5000              mov A,0
 0158 5700              mov X,0
 015A 7C0000            xcall _LCD_Position
 015D 20                pop X
 015E                   .dbline 100
 015E           ;               LCD_PrString(lcdFirstLine);
 015E 5A00              mov [__r1],X
 0160 060002            add [__r1],2
 0163 10                push X
 0164 5100              mov A,[__r0]
 0166 08                push A
 0167 5100              mov A,[__r1]
 0169 5C                mov X,A
 016A 18                pop A
 016B 7C0000            xcall _LCD_PrString
 016E                   .dbline 101
 016E           ;               LCD_Position(1,0);
 016E 5700              mov X,0
 0170 5001              mov A,1
 0172 7C0000            xcall _LCD_Position
 0175 20                pop X
 0176                   .dbline 102
 0176           ;               LCD_PrString(lcdSecondLine);
 0176 5A00              mov [__r1],X
 0178 060012            add [__r1],18
 017B 10                push X
 017C 5100              mov A,[__r0]
 017E 08                push A
 017F 5100              mov A,[__r1]
 0181 5C                mov X,A
 0182 18                pop A
 0183 7C0000            xcall _LCD_PrString
 0186                   .dbline 105
 0186           ;               
 0186           ;               // lets sleep for a while
 0186           ;               SleepTimer_SyncWait(8, SleepTimer_WAIT_RELOAD);
 0186 5700              mov X,0
 0188 5008              mov A,8
 018A 7C0000            xcall _SleepTimer_SyncWait
 018D 20                pop X
 018E                   .dbline 107
 018E           ;               
 018E           ;       }
 018E           L5:
 018E                   .dbline 64
 018E 8EEB              xjmp L4
 0190           X0:
 0190                   .dbline -2
 0190           L1:
 0190 38CA              add SP,-54
 0192 20                pop X
 0193                   .dbline 0 ; func end
 0193 8FFF              jmp .
 0195                   .dbsym l humidity 44 A[10:5]I
 0195                   .dbsym l temperature 34 A[10:5]I
 0195                   .dbsym l lcdSecondLine 18 A[16:16]c
 0195                   .dbsym l lcdFirstLine 2 A[16:16]c
 0195                   .dbsym l displaymode 0 I
 0195                   .dbend
                        .area lit(rom, con, rel, lit)
 0000           L15:
 0000 20202020202020202020202020202020  .byte 32,32,32,32,32,32,32,32,32,32,32,32,32,32,32,32
 0010 00                .byte 0
 0011           L14:
 0011 20202020204572726F72202020202020  .byte 32,32,32,32,32,'E,'r,'r,'o,'r,32,32,32,32,32,32
 0021 00                .byte 0
 0022           L3:
 0022 205765617468657273746174696F6E20  .byte 32,'W,'e,'a,'t,'h,'e,'r,'s,'t,'a,'t,'i,'o,'n,32
 0032 00                .byte 0
 0033           L2:
 0033 20202057656C636F6D6520746F202020  .byte 32,32,32,'W,'e,'l,'c,'o,'m,'e,32,'t,'o,32,32,32
 0043 00                .byte 0
